[2025-11-24 16:12:05] Starting JSON export process...
[2025-11-24 16:12:06] WARNING: Refresh flag detected - Refreshing all materialized views...
  module  |                            view_name                             | status  | execution_time  |        refreshed_at        
----------+------------------------------------------------------------------+---------+-----------------+----------------------------
 Sales    | mv_monthly_sales_dashboard, mv_executive_summary                 | SUCCESS | 00:00:00.650275 | 2025-11-24 16:12:11.994808
 Product  | mv_top_products, mv_abc_analysis                                 | SUCCESS | 00:00:01.538893 | 2025-11-24 16:12:13.53396
 Customer | mv_customer_lifetime_value, mv_rfm_analysis, mv_cohort_retention | SUCCESS | 00:00:01.545662 | 2025-11-24 16:12:15.07973
 Store    | mv_store_performance                                             | SUCCESS | 00:00:00.115634 | 2025-11-24 16:12:15.195607
(4 rows)

[2025-11-24 16:12:15] SUCCESS: All materialized views refreshed successfully!
[2025-11-24 16:12:15] WARNING: Creating backup of existing files...
[2025-11-24 16:12:15] SUCCESS: Backup created: ./03_dashboard/data_backup_20251124_161215
[2025-11-24 16:12:15] INFO: Creating directory structure...
[2025-11-24 16:12:15] INFO: Created directory: ./03_dashboard/data/sales
[2025-11-24 16:12:15] INFO: Created directory: ./03_dashboard/data/products
[2025-11-24 16:12:15] INFO: Created directory: ./03_dashboard/data/customers
[2025-11-24 16:12:15] INFO: Created directory: ./03_dashboard/data/stores
[2025-11-24 16:12:15] INFO: Exporting: Executive Summary KPIs
[2025-11-24 16:12:22] SUCCESS: Exported: ./03_dashboard/data/sales/executive_summary.json
[2025-11-24 16:12:22] INFO: Exporting: Monthly Sales Trend (12 months)
[2025-11-24 16:12:27] SUCCESS: Exported: ./03_dashboard/data/sales/monthly_trend.json
[2025-11-24 16:12:27] INFO: Exporting: Recent 30-Day Trend
[2025-11-24 16:12:31] SUCCESS: Exported: ./03_dashboard/data/sales/recent_trend.json
[2025-11-24 16:12:31] INFO: Exporting: Sales by Day of Week
[2025-11-24 16:12:35] SUCCESS: Exported: ./03_dashboard/data/sales/dayofweek.json
[2025-11-24 16:12:35] INFO: Exporting: Sales by Payment Mode
[2025-11-24 16:12:39] SUCCESS: Exported: ./03_dashboard/data/sales/payment_mode.json
[2025-11-24 16:12:39] INFO: Exporting: Quarterly Sales Performance
[2025-11-24 16:12:43] SUCCESS: Exported: ./03_dashboard/data/sales/quarterly_sales.json
[2025-11-24 16:12:43] INFO: Exporting: Weekend vs Weekday Sales
[2025-11-24 16:12:52] SUCCESS: Exported: ./03_dashboard/data/sales/weekend_weekday.json
[2025-11-24 16:12:52] INFO: Exporting: Top 20 Products
[2025-11-24 16:12:57] SUCCESS: Exported: ./03_dashboard/data/products/top_products.json
[2025-11-24 16:12:57] INFO: Exporting: Category Performance
[2025-11-24 16:13:02] SUCCESS: Exported: ./03_dashboard/data/products/category_performance.json
[2025-11-24 16:13:02] INFO: Exporting: Brand Performance (Top 20)
[2025-11-24 16:13:08] SUCCESS: Exported: ./03_dashboard/data/products/brand_performance.json
[2025-11-24 16:13:08] INFO: Exporting: ABC Classification
[2025-11-24 16:13:15] SUCCESS: Exported: ./03_dashboard/data/products/abc_analysis.json
[2025-11-24 16:13:15] INFO: Exporting: Inventory Status Summary
[2025-11-24 16:13:19] SUCCESS: Exported: ./03_dashboard/data/products/inventory_status.json
[2025-11-24 16:13:19] INFO: Exporting: Top 50 Customers by CLV
[2025-11-24 16:13:24] SUCCESS: Exported: ./03_dashboard/data/customers/top_customers.json
[2025-11-24 16:13:24] INFO: Exporting: CLV Tier Distribution
[2025-11-24 16:13:28] SUCCESS: Exported: ./03_dashboard/data/customers/clv_distribution.json
[2025-11-24 16:13:28] INFO: Exporting: RFM Customer Segments
[2025-11-24 16:13:32] SUCCESS: Exported: ./03_dashboard/data/customers/rfm_segments.json
[2025-11-24 16:13:32] INFO: Exporting: Churn Risk Analysis
[2025-11-24 16:13:36] SUCCESS: Exported: ./03_dashboard/data/customers/churn_risk.json
[2025-11-24 16:13:36] INFO: Exporting: Customer Demographics
[2025-11-24 16:13:41] SUCCESS: Exported: ./03_dashboard/data/customers/demographics.json
[2025-11-24 16:13:41] INFO: Exporting: Geographic Distribution (Top 50)
[2025-11-24 16:13:45] SUCCESS: Exported: ./03_dashboard/data/customers/geography.json
[2025-11-24 16:13:45] INFO: Exporting: Top 20 Stores
[2025-11-24 16:13:51] SUCCESS: Exported: ./03_dashboard/data/stores/top_stores.json
[2025-11-24 16:13:51] INFO: Exporting: Regional Performance Summary
[2025-11-24 16:13:55] SUCCESS: Exported: ./03_dashboard/data/stores/regional_performance.json
[2025-11-24 16:13:55] INFO: Exporting: Store Inventory Health
[2025-11-24 16:14:00] SUCCESS: Exported: ./03_dashboard/data/stores/store_inventory.json
[2025-11-24 16:14:00] INFO: Exporting: Employee Distribution by Store
[2025-11-24 16:14:05] SUCCESS: Exported: ./03_dashboard/data/stores/employee_distribution.json
[2025-11-24 16:14:05] SUCCESS: All JSON files exported successfully!
[2025-11-24 16:14:05] JSON export process completed successfully
